2021/08/11 16:13:17  Simulation API Called
2021/08/11 16:14:43 PARALLEL TIME:  854.242981ms
2021/08/11 16:16:11  TIME:  882.319701ms
2021/08/11 16:17:04  Simulation API Called
2021/08/11 16:18:31 PARALLEL TIME:  869.863151ms
2021/08/11 16:20:01  TIME:  902.921835ms
2021/08/11 17:19:46  Simulation API Called
2021/08/11 17:21:13 PARALLEL TIME:  866.834576ms  ITERATION:  100 (NUMBER OF FOOD SOURCES:  1000  NUMBER OF EPOCHES:  1000
2021/08/11 17:22:41  TIME:  886.436072ms  ITERATION:  100 (NUMBER OF FOOD SOURCES:  1000  NUMBER OF EPOCHES:  1000
2021/08/11 17:38:12  Simulation API Called
2021/08/11 17:39:37 PARALLEL TIME:  851.035195ms  (ITERATION:  100 NUMBER OF FOOD SOURCES:  1000  NUMBER OF EPOCHES:  1000 )
2021/08/11 17:41:04  TIME:  875.625641ms  (ITERATION:  100 NUMBER OF FOOD SOURCES:  1000  NUMBER OF EPOCHES:  1000 )
2021/08/11 19:00:45  Simulation API Called
2021/08/11 19:01:52 PARALLEL TIME:  33.66992185s  (ITERATION:  20 NUMBER OF FOOD SOURCES:  5000  NUMBER OF EPOCHES:  1000 )
2021/08/11 19:20:45  Simulation API Called
2021/08/11 19:25:08  TIME:  38.1337531s  (ITERATION:  20 NUMBER OF FOOD SOURCES:  5000  NUMBER OF EPOCHES:  1000 )
2021/08/16 16:01:48  Simulation API Called
2021/08/16 16:01:59  Simulation API Called
2021/08/16 16:01:59 PARALLEL TIME:  45.50515ms  (ITERATION:  2 NUMBER OF FOOD SOURCES:  100  NUMBER OF EPOCHES:  1000 )
2021/08/16 16:02:12  Simulation API Called
2021/08/16 16:02:13 PARALLEL TIME:  70.16705ms  (ITERATION:  2 NUMBER OF FOOD SOURCES:  100  NUMBER OF EPOCHES:  1000 )
2021/08/16 16:02:13  TIME:  73.8032ms  (ITERATION:  2 NUMBER OF FOOD SOURCES:  100  NUMBER OF EPOCHES:  1000 )
2021/08/16 16:02:32  Simulation API Called
2021/08/16 16:02:49  Simulation API Called
2021/08/16 16:02:49 PARALLEL TIME:  41.40645ms  (ITERATION:  2 NUMBER OF FOOD SOURCES:  100  NUMBER OF EPOCHES:  1000 )
2021/08/16 16:02:49  TIME:  40.39205ms  (ITERATION:  2 NUMBER OF FOOD SOURCES:  100  NUMBER OF EPOCHES:  1000 )
2021/08/16 16:02:52  Simulation API Called
2021/08/16 16:02:52 PARALLEL TIME:  37.2818ms  (ITERATION:  2 NUMBER OF FOOD SOURCES:  100  NUMBER OF EPOCHES:  1000 )
2021/08/16 16:02:57  Simulation API Called
2021/08/16 16:02:57 PARALLEL TIME:  38.7718ms  (ITERATION:  2 NUMBER OF FOOD SOURCES:  100  NUMBER OF EPOCHES:  1000 )
2021/08/16 16:03:03  Simulation API Called
2021/08/16 16:03:03 PARALLEL TIME:  37.1477ms  (ITERATION:  2 NUMBER OF FOOD SOURCES:  100  NUMBER OF EPOCHES:  1000 )
2021/08/16 16:04:22  Simulation API Called
2021/08/16 16:04:22 PARALLEL TIME:  38.992ms  (ITERATION:  2 NUMBER OF FOOD SOURCES:  100  NUMBER OF EPOCHES:  1000 )
2021/08/16 16:04:24  Simulation API Called
2021/08/16 16:04:24 PARALLEL TIME:  36.63125ms  (ITERATION:  2 NUMBER OF FOOD SOURCES:  100  NUMBER OF EPOCHES:  1000 )
2021/08/16 16:04:25  Simulation API Called
2021/08/16 16:04:32  Simulation API Called
2021/08/16 16:04:55  Simulation API Called
2021/08/16 16:04:59  Simulation API Called
2021/08/16 16:05:23  Simulation API Called
2021/08/16 16:05:24  TIME:  790.24605ms  (ITERATION:  2 NUMBER OF FOOD SOURCES:  1000  NUMBER OF EPOCHES:  1000 )
2021/08/16 16:05:27  Simulation API Called
2021/08/16 16:05:28  TIME:  804.67475ms  (ITERATION:  2 NUMBER OF FOOD SOURCES:  1000  NUMBER OF EPOCHES:  1000 )
2021/08/16 16:05:30  Simulation API Called
2021/08/16 16:05:32  TIME:  850.2925ms  (ITERATION:  2 NUMBER OF FOOD SOURCES:  1000  NUMBER OF EPOCHES:  1000 )
2021/08/16 16:05:33  Simulation API Called
2021/08/16 16:05:35  TIME:  795.7316ms  (ITERATION:  2 NUMBER OF FOOD SOURCES:  1000  NUMBER OF EPOCHES:  1000 )
2021/08/16 16:05:51  Simulation API Called
2021/08/16 16:06:04  Simulation API Called
2021/08/16 16:06:06  TIME:  864.12635ms  (ITERATION:  2 NUMBER OF FOOD SOURCES:  1000  NUMBER OF EPOCHES:  1000 )
2021/08/16 16:06:09  Simulation API Called
2021/08/16 16:06:11  TIME:  792.8094ms  (ITERATION:  2 NUMBER OF FOOD SOURCES:  1000  NUMBER OF EPOCHES:  1000 )
2021/08/16 16:06:15  Simulation API Called
2021/08/16 16:06:16  TIME:  806.53325ms  (ITERATION:  2 NUMBER OF FOOD SOURCES:  1000  NUMBER OF EPOCHES:  1000 )
2021/08/16 16:06:18  Simulation API Called
2021/08/16 16:06:20  TIME:  869.43035ms  (ITERATION:  2 NUMBER OF FOOD SOURCES:  1000  NUMBER OF EPOCHES:  1000 )
2021/08/16 16:06:28  Simulation API Called
2021/08/16 16:06:28  TIME:  36.9387ms  (ITERATION:  2 NUMBER OF FOOD SOURCES:  100  NUMBER OF EPOCHES:  1000 )
2021/08/16 16:06:32  Simulation API Called
2021/08/16 16:06:32  TIME:  35.2914ms  (ITERATION:  2 NUMBER OF FOOD SOURCES:  100  NUMBER OF EPOCHES:  1000 )
2021/08/16 16:06:33  Simulation API Called
2021/08/16 16:06:33  TIME:  35.90835ms  (ITERATION:  2 NUMBER OF FOOD SOURCES:  100  NUMBER OF EPOCHES:  1000 )
2021/08/16 16:06:35  Simulation API Called
2021/08/16 16:06:35  TIME:  35.22665ms  (ITERATION:  2 NUMBER OF FOOD SOURCES:  100  NUMBER OF EPOCHES:  1000 )
2021/08/16 16:06:36  Simulation API Called
2021/08/16 16:06:40  Simulation API Called
2021/08/16 16:06:40  TIME:  35.78725ms  (ITERATION:  2 NUMBER OF FOOD SOURCES:  100  NUMBER OF EPOCHES:  1000 )
2021/08/16 16:06:42  Simulation API Called
2021/08/16 16:06:43  TIME:  36.8985ms  (ITERATION:  2 NUMBER OF FOOD SOURCES:  100  NUMBER OF EPOCHES:  1000 )
2021/08/16 16:06:48  Simulation API Called
2021/08/16 16:07:39  Simulation API Called
2021/08/16 16:07:39 PARALLEL TIME:  41.08925ms  (ITERATION:  2 NUMBER OF FOOD SOURCES:  100  NUMBER OF EPOCHES:  1000 )
2021/08/16 16:07:43  Simulation API Called
2021/08/16 16:07:44 PARALLEL TIME:  36.38135ms  (ITERATION:  2 NUMBER OF FOOD SOURCES:  100  NUMBER OF EPOCHES:  1000 )
2021/08/16 16:07:44  TIME:  34.49005ms  (ITERATION:  2 NUMBER OF FOOD SOURCES:  100  NUMBER OF EPOCHES:  1000 )
2021/08/16 16:08:02  Simulation API Called
2021/08/16 16:08:08  Simulation API Called
2021/08/16 16:08:08 PARALLEL TIME:  36.48735ms  (ITERATION:  2 NUMBER OF FOOD SOURCES:  100  NUMBER OF EPOCHES:  1000 )
2021/08/16 16:08:14  Simulation API Called
2021/08/16 16:08:14 PARALLEL TIME:  39.16435ms  (ITERATION:  2 NUMBER OF FOOD SOURCES:  100  NUMBER OF EPOCHES:  1000 )
2021/08/16 16:08:15  TIME:  37.4008ms  (ITERATION:  2 NUMBER OF FOOD SOURCES:  100  NUMBER OF EPOCHES:  1000 )
2021/08/16 16:21:23  Simulation API Called
2021/08/16 16:21:23 PARALLEL TIME:  87.14065ms  (ITERATION:  2 NUMBER OF FOOD SOURCES:  100  NUMBER OF EPOCHES:  1000 )
2021/08/16 16:21:23  TIME:  84.6825ms  (ITERATION:  2 NUMBER OF FOOD SOURCES:  100  NUMBER OF EPOCHES:  1000 )
2021/08/16 16:21:53  Simulation API Called
2021/08/16 16:22:02  Simulation API Called
2021/08/16 16:22:19  Simulation API Called
2021/08/16 16:22:29  Simulation API Called
2021/08/16 16:22:40 PARALLEL TIME:  5.53363475s  (ITERATION:  10 NUMBER OF FOOD SOURCES:  1000  NUMBER OF EPOCHES:  1000 )
2021/08/16 16:22:53  TIME:  6.7214594s  (ITERATION:  10 NUMBER OF FOOD SOURCES:  1000  NUMBER OF EPOCHES:  1000 )
2021/08/16 16:26:35  Simulation API Called
2021/08/16 16:26:35 PARALLEL TIME:  32.328ms  (ITERATION:  10 NUMBER OF FOOD SOURCES:  50  NUMBER OF EPOCHES:  50 )
2021/08/16 16:26:35  TIME:  17.95275ms  (ITERATION:  10 NUMBER OF FOOD SOURCES:  50  NUMBER OF EPOCHES:  50 )
2021/08/16 16:26:44  Simulation API Called
2021/08/16 16:26:44 PARALLEL TIME:  32.20735ms  (ITERATION:  10 NUMBER OF FOOD SOURCES:  50  NUMBER OF EPOCHES:  50 )
2021/08/16 16:26:44  TIME:  40.891ms  (ITERATION:  10 NUMBER OF FOOD SOURCES:  50  NUMBER OF EPOCHES:  50 )
2021/08/16 16:26:47  Simulation API Called
2021/08/16 16:26:47 PARALLEL TIME:  16.9571ms  (ITERATION:  10 NUMBER OF FOOD SOURCES:  50  NUMBER OF EPOCHES:  50 )
2021/08/16 16:26:48  TIME:  48.6214ms  (ITERATION:  10 NUMBER OF FOOD SOURCES:  50  NUMBER OF EPOCHES:  50 )
2021/08/16 16:29:03  Simulation API Called
2021/08/16 16:29:03 PARALLEL TIME:  17.7774ms  (ITERATION:  10 NUMBER OF FOOD SOURCES:  50  NUMBER OF EPOCHES:  50 )
2021/08/16 16:29:03  TIME:  45.3794ms  (ITERATION:  10 NUMBER OF FOOD SOURCES:  50  NUMBER OF EPOCHES:  50 )
2021/08/16 16:29:36  Simulation API Called
2021/08/16 16:29:37 PARALLEL TIME:  39.4526ms  (ITERATION:  10 NUMBER OF FOOD SOURCES:  50  NUMBER OF EPOCHES:  50 )
2021/08/16 16:29:37  TIME:  2.4938ms  (ITERATION:  10 NUMBER OF FOOD SOURCES:  50  NUMBER OF EPOCHES:  50 )
2021/08/16 16:30:50  Simulation API Called
2021/08/16 16:30:52 PARALLEL TIME:  613.38985ms  (ITERATION:  10 NUMBER OF FOOD SOURCES:  500  NUMBER OF EPOCHES:  500 )
2021/08/16 16:30:53  TIME:  596.2671ms  (ITERATION:  10 NUMBER OF FOOD SOURCES:  500  NUMBER OF EPOCHES:  500 )
2021/08/16 16:31:43  Simulation API Called
2021/08/16 16:31:44 PARALLEL TIME:  608.53225ms  (ITERATION:  10 NUMBER OF FOOD SOURCES:  500  NUMBER OF EPOCHES:  500 )
2021/08/16 16:31:45  TIME:  673.98335ms  (ITERATION:  10 NUMBER OF FOOD SOURCES:  500  NUMBER OF EPOCHES:  500 )

2021/08/16 16:34:21  Simulation API Called
2021/08/16 16:34:21 PARALLEL TIME:  180.15515ms  (ITERATION:  100 NUMBER OF FOOD SOURCES:  100  NUMBER OF EPOCHES:  100 )
2021/08/16 16:34:22  TIME:  181.23455ms  (ITERATION:  100 NUMBER OF FOOD SOURCES:  100  NUMBER OF EPOCHES:  100 )
2021/08/16 16:34:39  Simulation API Called
2021/08/16 16:34:51 PARALLEL TIME:  5.63588295s  (ITERATION:  100 NUMBER OF FOOD SOURCES:  500  NUMBER OF EPOCHES:  500 )
2021/08/16 16:35:03  TIME:  6.19535275s  (ITERATION:  100 NUMBER OF FOOD SOURCES:  500  NUMBER OF EPOCHES:  500 )
2021/08/16 16:35:43  Simulation API Called
2021/08/16 16:35:54 PARALLEL TIME:  5.7491201s  (ITERATION:  100 NUMBER OF FOOD SOURCES:  500  NUMBER OF EPOCHES:  500 )
2021/08/16 16:36:07  TIME:  6.0861804s  (ITERATION:  100 NUMBER OF FOOD SOURCES:  500  NUMBER OF EPOCHES:  500 )
2021/08/16 16:36:17  Simulation API Called
2021/08/16 16:36:18 PARALLEL TIME:  772.0684ms  (ITERATION:  100 NUMBER OF FOOD SOURCES:  200  NUMBER OF EPOCHES:  200 )
2021/08/16 16:36:20  TIME:  775.06985ms  (ITERATION:  100 NUMBER OF FOOD SOURCES:  200  NUMBER OF EPOCHES:  200 )
2021/08/16 16:36:40  Simulation API Called
2021/08/16 16:36:41 PARALLEL TIME:  692.10625ms  (ITERATION:  100 NUMBER OF FOOD SOURCES:  200  NUMBER OF EPOCHES:  200 )
2021/08/16 16:36:43  TIME:  716.98665ms  (ITERATION:  100 NUMBER OF FOOD SOURCES:  200  NUMBER OF EPOCHES:  200 )
2021/08/16 16:36:53  Simulation API Called
2021/08/16 16:36:54 PARALLEL TIME:  718.6375ms  (ITERATION:  100 NUMBER OF FOOD SOURCES:  200  NUMBER OF EPOCHES:  200 )
2021/08/16 16:36:56  TIME:  695.19265ms  (ITERATION:  100 NUMBER OF FOOD SOURCES:  200  NUMBER OF EPOCHES:  200 )
2021/08/16 16:37:10  Simulation API Called
2021/08/16 16:37:12 PARALLEL TIME:  698.62935ms  (ITERATION:  100 NUMBER OF FOOD SOURCES:  200  NUMBER OF EPOCHES:  200 )
2021/08/16 16:37:13  TIME:  731.04515ms  (ITERATION:  100 NUMBER OF FOOD SOURCES:  200  NUMBER OF EPOCHES:  200 )
2021/08/16 16:37:54  Simulation API Called
2021/08/16 16:37:55 PARALLEL TIME:  716.31625ms  (ITERATION:  100 NUMBER OF FOOD SOURCES:  200  NUMBER OF EPOCHES:  200 )
2021/08/16 16:37:56  TIME:  740.51985ms  (ITERATION:  100 NUMBER OF FOOD SOURCES:  200  NUMBER OF EPOCHES:  200 )
2021/08/16 16:39:41  Simulation API Called
2021/08/16 16:39:43 PARALLEL TIME:  806.61625ms  (ITERATION:  100 NUMBER OF FOOD SOURCES:  200  NUMBER OF EPOCHES:  200 )
2021/08/16 16:39:44  TIME:  864.90225ms  (ITERATION:  100 NUMBER OF FOOD SOURCES:  200  NUMBER OF EPOCHES:  200 )
2021/08/16 16:43:32  Simulation API Called
2021/08/16 16:45:07 PARALLEL TIME:  47.67189875s  (ITERATION:  100 NUMBER OF FOOD SOURCES:  1000  NUMBER OF EPOCHES:  1000 )
2021/08/16 16:46:46  TIME:  49.4809989s  (ITERATION:  100 NUMBER OF FOOD SOURCES:  1000  NUMBER OF EPOCHES:  1000 )
2021/08/16 16:51:52  Simulation API Called
2021/08/16 16:53:34 PARALLEL TIME:  1.016011558s  (ITERATION:  100 NUMBER OF FOOD SOURCES:  1000  NUMBER OF EPOCHES:  1000 )
2021/08/16 16:55:17  TIME:  1.03619389s  (ITERATION:  100 NUMBER OF FOOD SOURCES:  1000  NUMBER OF EPOCHES:  1000 )
2021/08/16 16:57:44  Simulation API Called
2021/08/16 16:59:28 PARALLEL TIME:  1.039404243s  (ITERATION:  100 NUMBER OF FOOD SOURCES:  1000  NUMBER OF EPOCHES:  1000 )
2021/08/16 17:01:12  TIME:  1.040125112s  (ITERATION:  100 NUMBER OF FOOD SOURCES:  1000  NUMBER OF EPOCHES:  1000 )
2021/08/16 17:02:07  Simulation API Called
2021/08/16 17:02:22 PARALLEL TIME:  7.3684325s  (ITERATION:  2 NUMBER OF FOOD SOURCES:  10000  NUMBER OF EPOCHES:  100 )
2021/08/16 17:02:40  TIME:  8.777639s  (ITERATION:  2 NUMBER OF FOOD SOURCES:  10000  NUMBER OF EPOCHES:  100 )
2021/08/16 17:02:53  Simulation API Called
2021/08/16 17:09:13  Simulation API Called
2021/08/16 17:22:40 PARALLEL TIME:  13m27.089648s  (ITERATION:  1 NUMBER OF FOOD SOURCES:  100000  NUMBER OF EPOCHES:  100 )
2021/08/16 17:33:52  TIME:  11m12.0661673s  (ITERATION:  1 NUMBER OF FOOD SOURCES:  100000  NUMBER OF EPOCHES:  100 )
2021/08/16 17:34:41  Simulation API Called
2021/08/16 17:34:46 PARALLEL TIME:  4.7008091s  (ITERATION:  1 NUMBER OF FOOD SOURCES:  10000  NUMBER OF EPOCHES:  50 )
2021/08/16 17:34:48  TIME:  2.7401524s  (ITERATION:  1 NUMBER OF FOOD SOURCES:  10000  NUMBER OF EPOCHES:  50 )
2021/08/16 17:35:24  Simulation API Called
2021/08/16 17:35:26 PARALLEL TIME:  1.5882953s  (ITERATION:  1 NUMBER OF FOOD SOURCES:  10000  NUMBER OF EPOCHES:  50 )
2021/08/16 17:35:29  TIME:  3.144603s  (ITERATION:  1 NUMBER OF FOOD SOURCES:  10000  NUMBER OF EPOCHES:  50 )
2021/08/16 17:36:05  Simulation API Called
2021/08/16 17:36:08 PARALLEL TIME:  2.9390943s  (ITERATION:  1 NUMBER OF FOOD SOURCES:  10000  NUMBER OF EPOCHES:  50 )
2021/08/16 17:36:11  TIME:  3.2658028s  (ITERATION:  1 NUMBER OF FOOD SOURCES:  10000  NUMBER OF EPOCHES:  50 )
2021/08/16 17:36:15  Simulation API Called
2021/08/16 17:36:18 PARALLEL TIME:  3.000968s  (ITERATION:  1 NUMBER OF FOOD SOURCES:  10000  NUMBER OF EPOCHES:  50 )
2021/08/16 17:36:21  TIME:  3.0109475s  (ITERATION:  1 NUMBER OF FOOD SOURCES:  10000  NUMBER OF EPOCHES:  50 )
2021/08/16 17:37:10  Simulation API Called
2021/08/16 17:37:10 PARALLEL TIME:  582.8014ms  (ITERATION:  1 NUMBER OF FOOD SOURCES:  10000  NUMBER OF EPOCHES:  50 )
2021/08/16 17:37:18  TIME:  7.7153947s  (ITERATION:  1 NUMBER OF FOOD SOURCES:  10000  NUMBER OF EPOCHES:  50 )
2021/08/16 17:37:27  Simulation API Called
2021/08/16 17:37:27 PARALLEL TIME:  385.5458ms  (ITERATION:  1 NUMBER OF FOOD SOURCES:  10000  NUMBER OF EPOCHES:  50 )
2021/08/16 17:37:38  TIME:  10.9589932s  (ITERATION:  1 NUMBER OF FOOD SOURCES:  10000  NUMBER OF EPOCHES:  50 )
2021/08/16 17:38:10  Simulation API Called
2021/08/16 17:38:33  Simulation API Called
2021/08/16 17:38:53  Simulation API Called
2021/08/16 17:39:02  Simulation API Called
2021/08/16 17:39:18  Simulation API Called
2021/08/16 17:39:18 PARALLEL TIME:  419.6634ms  (ITERATION:  1 NUMBER OF FOOD SOURCES:  10000  NUMBER OF EPOCHES:  50 )
2021/08/16 17:39:21  TIME:  3.0577859s  (ITERATION:  1 NUMBER OF FOOD SOURCES:  10000  NUMBER OF EPOCHES:  50 )
2021/08/16 17:41:19  Simulation API Called
2021/08/16 17:41:52  Simulation API Called
2021/08/16 17:42:43  Simulation API Called
2021/08/16 17:42:43 PARALLEL TIME:  546.6971ms  (ITERATION:  1 NUMBER OF FOOD SOURCES:  10000  NUMBER OF EPOCHES:  50 )
2021/08/16 17:42:44  TIME:  1.2642381s  (ITERATION:  1 NUMBER OF FOOD SOURCES:  10000  NUMBER OF EPOCHES:  50 )
2021/08/16 17:43:52  Simulation API Called
2021/08/16 17:44:07  Simulation API Called
2021/08/16 17:44:07 PARALLEL TIME:  410.6108ms  (ITERATION:  1 NUMBER OF FOOD SOURCES:  10000  NUMBER OF EPOCHES:  50 )
2021/08/16 17:44:09  TIME:  1.0616677s  (ITERATION:  1 NUMBER OF FOOD SOURCES:  10000  NUMBER OF EPOCHES:  50 )
2021/08/16 17:44:13  Simulation API Called
2021/08/16 17:53:51  Simulation API Called
2021/08/16 17:53:52 PARALLEL TIME:  631.8778ms  (ITERATION:  1 NUMBER OF FOOD SOURCES:  10000  NUMBER OF EPOCHES:  50 )
2021/08/16 17:53:53  TIME:  1.2482073s  (ITERATION:  1 NUMBER OF FOOD SOURCES:  10000  NUMBER OF EPOCHES:  50 )
2021/08/16 17:54:48  Simulation API Called
2021/08/16 17:54:49 PARALLEL TIME:  557.3325ms  (ITERATION:  1 NUMBER OF FOOD SOURCES:  10000  NUMBER OF EPOCHES:  50 )
2021/08/16 17:54:50  TIME:  1.2810838s  (ITERATION:  1 NUMBER OF FOOD SOURCES:  10000  NUMBER OF EPOCHES:  50 )
2021/08/16 17:55:23  Simulation API Called
2021/08/17 13:36:49  Simulation API Called
2021/08/17 13:37:02  Simulation API Called
2021/08/17 13:37:29  Simulation API Called
2021/08/17 13:37:29 PARALLEL TIME:  6.1163ms  (ITERATION:  1 NUMBER OF FOOD SOURCES:  1000  NUMBER OF EPOCHES:  50 )
2021/08/17 13:37:29  TIME:  35.2122ms  (ITERATION:  1 NUMBER OF FOOD SOURCES:  1000  NUMBER OF EPOCHES:  50 )
2021/08/17 13:44:44  Simulation API Called
2021/08/17 13:44:44 PARALLEL TIME:  5.2204ms  (ITERATION:  1 NUMBER OF FOOD SOURCES:  1000  NUMBER OF EPOCHES:  50 )
2021/08/17 13:44:44  TIME:  32.9153ms  (ITERATION:  1 NUMBER OF FOOD SOURCES:  1000  NUMBER OF EPOCHES:  50 )
2021/08/17 13:45:27  Simulation API Called
2021/08/17 13:45:27 PARALLEL TIME:  6.6335ms  (ITERATION:  1 NUMBER OF FOOD SOURCES:  1000  NUMBER OF EPOCHES:  50 )
2021/08/17 13:45:27  TIME:  32.8783ms  (ITERATION:  1 NUMBER OF FOOD SOURCES:  1000  NUMBER OF EPOCHES:  50 )
2021/08/17 13:46:14  Simulation API Called
2021/08/17 13:46:15 PARALLEL TIME:  5.28ms  (ITERATION:  1 NUMBER OF FOOD SOURCES:  1000  NUMBER OF EPOCHES:  1000 )
2021/08/17 13:46:15  TIME:  938.3417ms  (ITERATION:  1 NUMBER OF FOOD SOURCES:  1000  NUMBER OF EPOCHES:  1000 )
2021/08/17 13:47:03  Simulation API Called
2021/08/17 13:48:48  Simulation API Called
2021/08/17 13:48:49 PARALLEL TIME:  4.5934ms  (ITERATION:  1 NUMBER OF FOOD SOURCES:  1000  NUMBER OF EPOCHES:  1000 )
2021/08/17 13:48:49  TIME:  862.6465ms  (ITERATION:  1 NUMBER OF FOOD SOURCES:  1000  NUMBER OF EPOCHES:  1000 )
2021/08/17 13:50:01  Simulation API Called
2021/08/17 13:51:29  Simulation API Called
2021/08/17 13:51:59  Simulation API Called
2021/08/17 13:52:00 PARALLEL TIME:  5.1013ms  (ITERATION:  1 NUMBER OF FOOD SOURCES:  1000  NUMBER OF EPOCHES:  1000 )
2021/08/17 13:52:00  TIME:  974.2948ms  (ITERATION:  1 NUMBER OF FOOD SOURCES:  1000  NUMBER OF EPOCHES:  1000 )
2021/08/17 13:52:09  Simulation API Called
2021/08/17 13:52:20  Simulation API Called
2021/08/17 13:52:34  Simulation API Called
2021/08/17 13:53:07  Simulation API Called
2021/08/17 13:54:13  Simulation API Called
2021/08/17 13:54:20 PARALLEL TIME:  6.0213695s  (ITERATION:  1 NUMBER OF FOOD SOURCES:  1000  NUMBER OF EPOCHES:  1000 )
2021/08/17 13:54:20  TIME:  773.1947ms  (ITERATION:  1 NUMBER OF FOOD SOURCES:  1000  NUMBER OF EPOCHES:  1000 )
2021/08/17 13:54:39  Simulation API Called
2021/08/17 13:54:41 PARALLEL TIME:  1.3255881s  (ITERATION:  1 NUMBER OF FOOD SOURCES:  1000  NUMBER OF EPOCHES:  1000 )
2021/08/17 13:54:41  TIME:  793.3378ms  (ITERATION:  1 NUMBER OF FOOD SOURCES:  1000  NUMBER OF EPOCHES:  1000 )
2021/08/17 13:55:04  Simulation API Called
2021/08/17 13:55:06 PARALLEL TIME:  1.2362589s  (ITERATION:  1 NUMBER OF FOOD SOURCES:  1000  NUMBER OF EPOCHES:  1000 )
2021/08/17 13:55:06  TIME:  915.8565ms  (ITERATION:  1 NUMBER OF FOOD SOURCES:  1000  NUMBER OF EPOCHES:  1000 )
2021/08/17 13:55:39  Simulation API Called
2021/08/17 13:55:41 PARALLEL TIME:  1.1769066s  (ITERATION:  1 NUMBER OF FOOD SOURCES:  1000  NUMBER OF EPOCHES:  1000 )
2021/08/17 13:55:41  TIME:  838.7019ms  (ITERATION:  1 NUMBER OF FOOD SOURCES:  1000  NUMBER OF EPOCHES:  1000 )
2021/08/17 13:55:51  Simulation API Called
2021/08/17 13:55:53 PARALLEL TIME:  1.2326859s  (ITERATION:  1 NUMBER OF FOOD SOURCES:  1000  NUMBER OF EPOCHES:  1000 )
2021/08/17 13:55:53  TIME:  903.9811ms  (ITERATION:  1 NUMBER OF FOOD SOURCES:  1000  NUMBER OF EPOCHES:  1000 )
2021/08/17 13:56:09  Simulation API Called
2021/08/17 13:56:10 PARALLEL TIME:  603.4639ms  (ITERATION:  1 NUMBER OF FOOD SOURCES:  1000  NUMBER OF EPOCHES:  500 )
2021/08/17 13:56:10  TIME:  422.4571ms  (ITERATION:  1 NUMBER OF FOOD SOURCES:  1000  NUMBER OF EPOCHES:  500 )
2021/08/17 13:56:34  Simulation API Called
2021/08/17 13:56:35 PARALLEL TIME:  530.654ms  (ITERATION:  1 NUMBER OF FOOD SOURCES:  1000  NUMBER OF EPOCHES:  500 )
2021/08/17 13:56:35  TIME:  387.1489ms  (ITERATION:  1 NUMBER OF FOOD SOURCES:  1000  NUMBER OF EPOCHES:  500 )
2021/08/17 13:56:50  Simulation API Called
2021/08/17 13:56:51 PARALLEL TIME:  571.7147ms  (ITERATION:  1 NUMBER OF FOOD SOURCES:  1000  NUMBER OF EPOCHES:  500 )
2021/08/17 13:56:51  TIME:  375.2749ms  (ITERATION:  1 NUMBER OF FOOD SOURCES:  1000  NUMBER OF EPOCHES:  500 )
2021/08/17 13:57:04  Simulation API Called
2021/08/17 13:57:05 PARALLEL TIME:  546.1162ms  (ITERATION:  1 NUMBER OF FOOD SOURCES:  1000  NUMBER OF EPOCHES:  500 )
2021/08/17 13:57:05  TIME:  389.8439ms  (ITERATION:  1 NUMBER OF FOOD SOURCES:  1000  NUMBER OF EPOCHES:  500 )
2021/08/17 13:57:13  Simulation API Called
2021/08/17 13:57:14 PARALLEL TIME:  564.4404ms  (ITERATION:  1 NUMBER OF FOOD SOURCES:  1000  NUMBER OF EPOCHES:  500 )
2021/08/17 13:57:14  TIME:  391.4203ms  (ITERATION:  1 NUMBER OF FOOD SOURCES:  1000  NUMBER OF EPOCHES:  500 )
2021/08/17 13:57:23  Simulation API Called
2021/08/17 13:57:23 PARALLEL TIME:  543.2505ms  (ITERATION:  1 NUMBER OF FOOD SOURCES:  1000  NUMBER OF EPOCHES:  500 )
2021/08/17 13:57:23  TIME:  394.7816ms  (ITERATION:  1 NUMBER OF FOOD SOURCES:  1000  NUMBER OF EPOCHES:  500 )
2021/08/17 13:57:31  Simulation API Called
2021/08/17 13:57:32 PARALLEL TIME:  573.0505ms  (ITERATION:  1 NUMBER OF FOOD SOURCES:  1000  NUMBER OF EPOCHES:  500 )
2021/08/17 13:57:32  TIME:  399.9506ms  (ITERATION:  1 NUMBER OF FOOD SOURCES:  1000  NUMBER OF EPOCHES:  500 )
2021/08/17 13:57:39  Simulation API Called
2021/08/17 13:57:40 PARALLEL TIME:  648.7976ms  (ITERATION:  1 NUMBER OF FOOD SOURCES:  1000  NUMBER OF EPOCHES:  500 )
2021/08/17 13:57:40  TIME:  356.2054ms  (ITERATION:  1 NUMBER OF FOOD SOURCES:  1000  NUMBER OF EPOCHES:  500 )
2021/08/17 13:57:49  Simulation API Called
2021/08/17 13:57:49 PARALLEL TIME:  536.1361ms  (ITERATION:  1 NUMBER OF FOOD SOURCES:  1000  NUMBER OF EPOCHES:  500 )
2021/08/17 13:57:49  TIME:  420.0565ms  (ITERATION:  1 NUMBER OF FOOD SOURCES:  1000  NUMBER OF EPOCHES:  500 )
2021/08/17 13:57:57  Simulation API Called
2021/08/17 13:57:58 PARALLEL TIME:  673.2903ms  (ITERATION:  1 NUMBER OF FOOD SOURCES:  1000  NUMBER OF EPOCHES:  500 )
2021/08/17 13:57:58  TIME:  419.9363ms  (ITERATION:  1 NUMBER OF FOOD SOURCES:  1000  NUMBER OF EPOCHES:  500 )
2021/08/17 13:58:07  Simulation API Called
2021/08/17 13:58:08 PARALLEL TIME:  634.1768ms  (ITERATION:  1 NUMBER OF FOOD SOURCES:  1000  NUMBER OF EPOCHES:  500 )
2021/08/17 13:58:08  TIME:  426.9123ms  (ITERATION:  1 NUMBER OF FOOD SOURCES:  1000  NUMBER OF EPOCHES:  500 )
2021/08/17 13:58:16  Simulation API Called
2021/08/17 13:58:17 PARALLEL TIME:  656.4915ms  (ITERATION:  1 NUMBER OF FOOD SOURCES:  1000  NUMBER OF EPOCHES:  500 )
2021/08/17 13:58:17  TIME:  463.9109ms  (ITERATION:  1 NUMBER OF FOOD SOURCES:  1000  NUMBER OF EPOCHES:  500 )
2021/08/17 13:58:25  Simulation API Called
2021/08/17 13:58:26 PARALLEL TIME:  611.8965ms  (ITERATION:  1 NUMBER OF FOOD SOURCES:  1000  NUMBER OF EPOCHES:  500 )
2021/08/17 13:58:26  TIME:  434.7183ms  (ITERATION:  1 NUMBER OF FOOD SOURCES:  1000  NUMBER OF EPOCHES:  500 )
2021/08/17 13:58:35  Simulation API Called
2021/08/17 13:58:36 PARALLEL TIME:  566.802ms  (ITERATION:  1 NUMBER OF FOOD SOURCES:  1000  NUMBER OF EPOCHES:  500 )
2021/08/17 13:58:36  TIME:  433.2466ms  (ITERATION:  1 NUMBER OF FOOD SOURCES:  1000  NUMBER OF EPOCHES:  500 )
2021/08/17 13:59:09  Simulation API Called
2021/08/17 13:59:10 PARALLEL TIME:  648.2418ms  (ITERATION:  1 NUMBER OF FOOD SOURCES:  1000  NUMBER OF EPOCHES:  500 )
2021/08/17 13:59:10  TIME:  399.298ms  (ITERATION:  1 NUMBER OF FOOD SOURCES:  1000  NUMBER OF EPOCHES:  500 )
2021/08/17 13:59:19  Simulation API Called
2021/08/17 13:59:19 PARALLEL TIME:  500.3062ms  (ITERATION:  1 NUMBER OF FOOD SOURCES:  1000  NUMBER OF EPOCHES:  500 )
2021/08/17 13:59:19  TIME:  428.902ms  (ITERATION:  1 NUMBER OF FOOD SOURCES:  1000  NUMBER OF EPOCHES:  500 )
2021/08/17 13:59:27  Simulation API Called
2021/08/17 13:59:28 PARALLEL TIME:  557.8476ms  (ITERATION:  1 NUMBER OF FOOD SOURCES:  1000  NUMBER OF EPOCHES:  500 )
2021/08/17 13:59:28  TIME:  345.6047ms  (ITERATION:  1 NUMBER OF FOOD SOURCES:  1000  NUMBER OF EPOCHES:  500 )
2021/08/17 13:59:35  Simulation API Called
2021/08/17 13:59:36 PARALLEL TIME:  607.285ms  (ITERATION:  1 NUMBER OF FOOD SOURCES:  1000  NUMBER OF EPOCHES:  500 )
2021/08/17 13:59:36  TIME:  410.9074ms  (ITERATION:  1 NUMBER OF FOOD SOURCES:  1000  NUMBER OF EPOCHES:  500 )
2021/08/17 13:59:48  Simulation API Called
2021/08/17 14:00:14  Simulation API Called
2021/08/17 14:00:18 PARALLEL TIME:  1.8055959s  (ITERATION:  1 NUMBER OF FOOD SOURCES:  10000  NUMBER OF EPOCHES:  20 )
2021/08/17 14:00:18  TIME:  1.8787202s  (ITERATION:  1 NUMBER OF FOOD SOURCES:  10000  NUMBER OF EPOCHES:  20 )
2021/08/17 14:00:31  Simulation API Called
2021/08/17 14:00:35 PARALLEL TIME:  2.1314713s  (ITERATION:  1 NUMBER OF FOOD SOURCES:  10000  NUMBER OF EPOCHES:  20 )
2021/08/17 14:00:35  TIME:  1.2810508s  (ITERATION:  1 NUMBER OF FOOD SOURCES:  10000  NUMBER OF EPOCHES:  20 )
2021/08/17 14:00:43  Simulation API Called
2021/08/17 14:00:45 PARALLEL TIME:  260.695ms  (ITERATION:  1 NUMBER OF FOOD SOURCES:  10000  NUMBER OF EPOCHES:  20 )
2021/08/17 14:00:45  TIME:  1.2149859s  (ITERATION:  1 NUMBER OF FOOD SOURCES:  10000  NUMBER OF EPOCHES:  20 )
2021/08/17 14:00:49  Simulation API Called
2021/08/17 14:00:52 PARALLEL TIME:  1.611099s  (ITERATION:  1 NUMBER OF FOOD SOURCES:  10000  NUMBER OF EPOCHES:  20 )
2021/08/17 14:00:52  TIME:  1.067921s  (ITERATION:  1 NUMBER OF FOOD SOURCES:  10000  NUMBER OF EPOCHES:  20 )
2021/08/17 14:00:57  Simulation API Called
2021/08/17 14:00:59 PARALLEL TIME:  1.5945219s  (ITERATION:  1 NUMBER OF FOOD SOURCES:  10000  NUMBER OF EPOCHES:  20 )
2021/08/17 14:00:59  TIME:  295.9393ms  (ITERATION:  1 NUMBER OF FOOD SOURCES:  10000  NUMBER OF EPOCHES:  20 )
2021/08/17 14:01:03  Simulation API Called
2021/08/17 14:01:05 PARALLEL TIME:  1.63299s  (ITERATION:  1 NUMBER OF FOOD SOURCES:  10000  NUMBER OF EPOCHES:  20 )
2021/08/17 14:01:05  TIME:  227.3091ms  (ITERATION:  1 NUMBER OF FOOD SOURCES:  10000  NUMBER OF EPOCHES:  20 )
2021/08/17 14:01:19  Simulation API Called


//80 - clear food wait group
2021/08/17 14:01:25 PARALLEL TIME:  707.4116ms  (ITERATION:  1 NUMBER OF FOOD SOURCES:  10000  NUMBER OF EPOCHES:  40 )
2021/08/17 14:01:25  TIME:  5.1221734s  (ITERATION:  1 NUMBER OF FOOD SOURCES:  10000  NUMBER OF EPOCHES:  40 )
2021/08/17 14:01:55  Simulation API Called
2021/08/17 14:02:01 PARALLEL TIME:  797.2142ms  (ITERATION:  1 NUMBER OF FOOD SOURCES:  10000  NUMBER OF EPOCHES:  40 )
2021/08/17 14:02:01  TIME:  4.3942268s  (ITERATION:  1 NUMBER OF FOOD SOURCES:  10000  NUMBER OF EPOCHES:  40 )
2021/08/17 14:02:21  Simulation API Called
2021/08/17 14:02:26 PARALLEL TIME:  1.9851834s  (ITERATION:  1 NUMBER OF FOOD SOURCES:  10000  NUMBER OF EPOCHES:  40 )
2021/08/17 14:02:26  TIME:  3.0718347s  (ITERATION:  1 NUMBER OF FOOD SOURCES:  10000  NUMBER OF EPOCHES:  40 )
2021/08/17 14:02:30  Simulation API Called
2021/08/17 14:02:38 PARALLEL TIME:  2.5822995s  (ITERATION:  1 NUMBER OF FOOD SOURCES:  10000  NUMBER OF EPOCHES:  40 )
2021/08/17 14:02:38  TIME:  5.7623105s  (ITERATION:  1 NUMBER OF FOOD SOURCES:  10000  NUMBER OF EPOCHES:  40 )
2021/08/17 14:02:47  Simulation API Called
2021/08/17 14:02:50 PARALLEL TIME:  735.4303ms  (ITERATION:  1 NUMBER OF FOOD SOURCES:  10000  NUMBER OF EPOCHES:  40 )
2021/08/17 14:02:50  TIME:  1.8864954s  (ITERATION:  1 NUMBER OF FOOD SOURCES:  10000  NUMBER OF EPOCHES:  40 )
2021/08/17 14:03:08  Simulation API Called
2021/08/17 14:03:13 PARALLEL TIME:  771.7491ms  (ITERATION:  1 NUMBER OF FOOD SOURCES:  10000  NUMBER OF EPOCHES:  40 )
2021/08/17 14:03:13  TIME:  4.3496415s  (ITERATION:  1 NUMBER OF FOOD SOURCES:  10000  NUMBER OF EPOCHES:  40 )
2021/08/17 14:03:36  Simulation API Called
2021/08/17 14:03:36 PARALLEL TIME:  40.8388ms  (ITERATION:  1 NUMBER OF FOOD SOURCES:  1000  NUMBER OF EPOCHES:  40 )
2021/08/17 14:03:36  TIME:  29.919ms  (ITERATION:  1 NUMBER OF FOOD SOURCES:  1000  NUMBER OF EPOCHES:  40 )
2021/08/17 14:03:50  Simulation API Called
2021/08/17 14:03:51 PARALLEL TIME:  858.0852ms  (ITERATION:  1 NUMBER OF FOOD SOURCES:  5000  NUMBER OF EPOCHES:  40 )
2021/08/17 14:03:51  TIME:  790.7745ms  (ITERATION:  1 NUMBER OF FOOD SOURCES:  5000  NUMBER OF EPOCHES:  40 )
2021/08/17 14:03:55  Simulation API Called
2021/08/17 14:03:58 PARALLEL TIME:  1.1823626s  (ITERATION:  1 NUMBER OF FOOD SOURCES:  5000  NUMBER OF EPOCHES:  40 )
2021/08/17 14:03:58  TIME:  1.3170263s  (ITERATION:  1 NUMBER OF FOOD SOURCES:  5000  NUMBER OF EPOCHES:  40 )
2021/08/17 14:04:01  Simulation API Called
2021/08/17 14:04:04 PARALLEL TIME:  1.1949962s  (ITERATION:  1 NUMBER OF FOOD SOURCES:  5000  NUMBER OF EPOCHES:  40 )
2021/08/17 14:04:04  TIME:  1.2447822s  (ITERATION:  1 NUMBER OF FOOD SOURCES:  5000  NUMBER OF EPOCHES:  40 )
2021/08/17 14:08:48  Simulation API Called
2021/08/17 14:08:50 PARALLEL TIME:  1.1889232s  (ITERATION:  1 NUMBER OF FOOD SOURCES:  5000  NUMBER OF EPOCHES:  40 )
2021/08/17 14:08:50  TIME:  525.7073ms  (ITERATION:  1 NUMBER OF FOOD SOURCES:  5000  NUMBER OF EPOCHES:  40 )
2021/08/17 14:08:58  Simulation API Called
2021/08/17 14:09:01 PARALLEL TIME:  1.9750197s  (ITERATION:  1 NUMBER OF FOOD SOURCES:  5000  NUMBER OF EPOCHES:  40 )
2021/08/17 14:09:01  TIME:  714.455ms  (ITERATION:  1 NUMBER OF FOOD SOURCES:  5000  NUMBER OF EPOCHES:  40 )
2021/08/17 14:09:04  Simulation API Called
2021/08/17 14:09:06 PARALLEL TIME:  850.504ms  (ITERATION:  1 NUMBER OF FOOD SOURCES:  5000  NUMBER OF EPOCHES:  40 )
2021/08/17 14:09:06  TIME:  1.180221s  (ITERATION:  1 NUMBER OF FOOD SOURCES:  5000  NUMBER OF EPOCHES:  40 )
2021/08/17 14:09:10  Simulation API Called
2021/08/17 14:09:12 PARALLEL TIME:  882.99ms  (ITERATION:  1 NUMBER OF FOOD SOURCES:  5000  NUMBER OF EPOCHES:  40 )
2021/08/17 14:09:12  TIME:  883.6356ms  (ITERATION:  1 NUMBER OF FOOD SOURCES:  5000  NUMBER OF EPOCHES:  40 )
2021/08/17 14:09:26  Simulation API Called
2021/08/17 14:09:32 PARALLEL TIME:  1.9625192s  (ITERATION:  1 NUMBER OF FOOD SOURCES:  10000  NUMBER OF EPOCHES:  40 )
2021/08/17 14:09:32  TIME:  3.3787732s  (ITERATION:  1 NUMBER OF FOOD SOURCES:  10000  NUMBER OF EPOCHES:  40 )
2021/08/17 14:09:47  Simulation API Called
2021/08/17 14:09:51 PARALLEL TIME:  2.0872635s  (ITERATION:  1 NUMBER OF FOOD SOURCES:  10000  NUMBER OF EPOCHES:  40 )
2021/08/17 14:09:51  TIME:  1.9712398s  (ITERATION:  1 NUMBER OF FOOD SOURCES:  10000  NUMBER OF EPOCHES:  40 )
2021/08/17 14:09:55  Simulation API Called
2021/08/17 14:09:57 PARALLEL TIME:  766.8371ms  (ITERATION:  1 NUMBER OF FOOD SOURCES:  10000  NUMBER OF EPOCHES:  40 )
2021/08/17 14:09:57  TIME:  2.0368156s  (ITERATION:  1 NUMBER OF FOOD SOURCES:  10000  NUMBER OF EPOCHES:  40 )
2021/08/17 14:10:00  Simulation API Called
2021/08/17 14:10:04 PARALLEL TIME:  761.6183ms  (ITERATION:  1 NUMBER OF FOOD SOURCES:  10000  NUMBER OF EPOCHES:  40 )
2021/08/17 14:10:04  TIME:  2.8062824s  (ITERATION:  1 NUMBER OF FOOD SOURCES:  10000  NUMBER OF EPOCHES:  40 )
2021/08/17 14:10:41  Simulation API Called
2021/08/17 14:12:30  Simulation API Called
2021/08/17 14:23:54 PARALLEL TIME:  2.622440864s  (ITERATION:  100 NUMBER OF FOOD SOURCES:  10000  NUMBER OF EPOCHES:  40 )
2021/08/17 14:23:54  TIME:  4.218515158s  (ITERATION:  100 NUMBER OF FOOD SOURCES:  10000  NUMBER OF EPOCHES:  40 )
2021/08/17 14:25:24  Simulation API Called
2021/08/17 14:32:00 PARALLEL TIME:  2.708229391s  (ITERATION:  100 NUMBER OF FOOD SOURCES:  5000  NUMBER OF EPOCHES:  100 )
2021/08/17 14:32:00  TIME:  1.254243801s  (ITERATION:  100 NUMBER OF FOOD SOURCES:  5000  NUMBER OF EPOCHES:  100 )
2021/08/17 14:35:09  Simulation API Called
2021/08/17 14:39:18 PARALLEL TIME:  9.0183047s  (ITERATION:  10 NUMBER OF FOOD SOURCES:  10000  NUMBER OF EPOCHES:  100 )
2021/08/17 14:39:18  TIME:  15.83569817s  (ITERATION:  10 NUMBER OF FOOD SOURCES:  10000  NUMBER OF EPOCHES:  100 )
------
2021/08/17 14:40:12  Simulation API Called
2021/08/17 14:43:01 PARALLEL TIME:  12.73861357s  (ITERATION:  10 NUMBER OF FOOD SOURCES:  10000  NUMBER OF EPOCHES:  100 )
2021/08/17 14:43:01  TIME:  4.20838954s  (ITERATION:  10 NUMBER OF FOOD SOURCES:  10000  NUMBER OF EPOCHES:  100 )
2021/08/17 14:43:27  Simulation API Called
2021/08/17 14:45:13  Simulation API Called
2021/08/17 14:49:06 PARALLEL TIME:  8.19860806s  (ITERATION:  10 NUMBER OF FOOD SOURCES:  10000  NUMBER OF EPOCHES:  100 )
2021/08/17 14:49:06  TIME:  15.0731712s  (ITERATION:  10 NUMBER OF FOOD SOURCES:  10000  NUMBER OF EPOCHES:  100 )
2021/08/17 14:49:34  Simulation API Called
2021/08/17 15:46:44 PARALLEL TIME:  5m54.30129424s  (ITERATION:  5 NUMBER OF FOOD SOURCES:  100000  NUMBER OF EPOCHES:  50 )
2021/08/17 15:46:44  TIME:  5m51.7298471s  (ITERATION:  5 NUMBER OF FOOD SOURCES:  100000  NUMBER OF EPOCHES:  50 )
2021/08/17 15:49:17  Simulation API Called
2021/08/17 16:10:15  Simulation API Called
2021/08/17 16:52:46 PARALLEL TIME:  4m31.11074252s  (ITERATION:  5 NUMBER OF FOOD SOURCES:  100000  NUMBER OF EPOCHES:  40 )
2021/08/17 16:52:46  TIME:  3m59.15030192s  (ITERATION:  5 NUMBER OF FOOD SOURCES:  100000  NUMBER OF EPOCHES:  40 )
2021/08/17 16:55:27  Simulation API Called
2021/08/17 16:55:28 PARALLEL TIME:  193.24372ms  (ITERATION:  5 NUMBER OF FOOD SOURCES:  300  NUMBER OF EPOCHES:  1000 )
2021/08/17 16:55:28  TIME:  120.84282ms  (ITERATION:  5 NUMBER OF FOOD SOURCES:  300  NUMBER OF EPOCHES:  1000 )
2021/08/17 16:55:32  Simulation API Called
2021/08/17 16:55:34 PARALLEL TIME:  183.73414ms  (ITERATION:  5 NUMBER OF FOOD SOURCES:  300  NUMBER OF EPOCHES:  1000 )
2021/08/17 16:55:34  TIME:  121.35458ms  (ITERATION:  5 NUMBER OF FOOD SOURCES:  300  NUMBER OF EPOCHES:  1000 )
2021/08/17 16:55:41  Simulation API Called
2021/08/17 16:55:43 PARALLEL TIME:  182.91902ms  (ITERATION:  5 NUMBER OF FOOD SOURCES:  300  NUMBER OF EPOCHES:  1000 )
2021/08/17 16:55:43  TIME:  121.13598ms  (ITERATION:  5 NUMBER OF FOOD SOURCES:  300  NUMBER OF EPOCHES:  1000 )
2021/08/17 16:55:51  Simulation API Called
2021/08/17 16:55:53 PARALLEL TIME:  185.54342ms  (ITERATION:  5 NUMBER OF FOOD SOURCES:  300  NUMBER OF EPOCHES:  1000 )
2021/08/17 16:55:53  TIME:  122.36908ms  (ITERATION:  5 NUMBER OF FOOD SOURCES:  300  NUMBER OF EPOCHES:  1000 )
2021/08/17 16:55:59  Simulation API Called
2021/08/17 16:56:01 PARALLEL TIME:  200.6806ms  (ITERATION:  5 NUMBER OF FOOD SOURCES:  300  NUMBER OF EPOCHES:  1000 )
2021/08/17 16:56:01  TIME:  125.79828ms  (ITERATION:  5 NUMBER OF FOOD SOURCES:  300  NUMBER OF EPOCHES:  1000 )
2021/08/17 16:56:08  Simulation API Called
2021/08/17 16:56:09 PARALLEL TIME:  186.76014ms  (ITERATION:  5 NUMBER OF FOOD SOURCES:  300  NUMBER OF EPOCHES:  1000 )
2021/08/17 16:56:09  TIME:  99.91412ms  (ITERATION:  5 NUMBER OF FOOD SOURCES:  300  NUMBER OF EPOCHES:  1000 )
2021/08/17 16:56:12  Simulation API Called
2021/08/17 16:56:14 PARALLEL TIME:  196.02204ms  (ITERATION:  5 NUMBER OF FOOD SOURCES:  300  NUMBER OF EPOCHES:  1000 )
2021/08/17 16:56:14  TIME:  129.46188ms  (ITERATION:  5 NUMBER OF FOOD SOURCES:  300  NUMBER OF EPOCHES:  1000 )
2021/08/17 16:56:22  Simulation API Called
2021/08/17 16:56:24 PARALLEL TIME:  192.16986ms  (ITERATION:  5 NUMBER OF FOOD SOURCES:  300  NUMBER OF EPOCHES:  1000 )
2021/08/17 16:56:24  TIME:  122.71086ms  (ITERATION:  5 NUMBER OF FOOD SOURCES:  300  NUMBER OF EPOCHES:  1000 )
2021/08/17 16:57:40  Simulation API Called
2021/08/17 16:57:42 PARALLEL TIME:  270.80884ms  (ITERATION:  5 NUMBER OF FOOD SOURCES:  300  NUMBER OF EPOCHES:  1000 )
2021/08/17 16:57:42  TIME:  127.46976ms  (ITERATION:  5 NUMBER OF FOOD SOURCES:  300  NUMBER OF EPOCHES:  1000 )
2021/08/17 16:57:48  Simulation API Called
2021/08/17 16:57:50 PARALLEL TIME:  188.51988ms  (ITERATION:  5 NUMBER OF FOOD SOURCES:  300  NUMBER OF EPOCHES:  1000 )
2021/08/17 16:57:50  TIME:  119.18316ms  (ITERATION:  5 NUMBER OF FOOD SOURCES:  300  NUMBER OF EPOCHES:  1000 )
2021/08/17 16:57:53  Simulation API Called
2021/08/17 16:57:54 PARALLEL TIME:  192.49254ms  (ITERATION:  5 NUMBER OF FOOD SOURCES:  300  NUMBER OF EPOCHES:  1000 )
2021/08/17 16:57:54  TIME:  121.35284ms  (ITERATION:  5 NUMBER OF FOOD SOURCES:  300  NUMBER OF EPOCHES:  1000 )
2021/08/17 16:58:00  Simulation API Called
2021/08/17 16:58:01 PARALLEL TIME:  196.0561ms  (ITERATION:  5 NUMBER OF FOOD SOURCES:  300  NUMBER OF EPOCHES:  1000 )
2021/08/17 16:58:01  TIME:  124.44694ms  (ITERATION:  5 NUMBER OF FOOD SOURCES:  300  NUMBER OF EPOCHES:  1000 )
2021/08/17 16:58:19  Simulation API Called
2021/08/17 16:58:30 PARALLEL TIME:  1.27223464s  (ITERATION:  5 NUMBER OF FOOD SOURCES:  5000  NUMBER OF EPOCHES:  40 )
2021/08/17 16:58:30  TIME:  856.63694ms  (ITERATION:  5 NUMBER OF FOOD SOURCES:  5000  NUMBER OF EPOCHES:  40 )
2021/08/17 16:58:41  Simulation API Called
2021/08/17 16:58:49 PARALLEL TIME:  470.44942ms  (ITERATION:  5 NUMBER OF FOOD SOURCES:  10000  NUMBER OF EPOCHES:  20 )
2021/08/17 16:58:49  TIME:  1.08470258s  (ITERATION:  5 NUMBER OF FOOD SOURCES:  10000  NUMBER OF EPOCHES:  20 )
2021/08/17 16:59:12  Simulation API Called
2021/08/17 16:59:19 PARALLEL TIME:  266.55738ms  (ITERATION:  5 NUMBER OF FOOD SOURCES:  10000  NUMBER OF EPOCHES:  20 )
2021/08/17 16:59:19  TIME:  1.08375158s  (ITERATION:  5 NUMBER OF FOOD SOURCES:  10000  NUMBER OF EPOCHES:  20 )
2021/08/17 16:59:23  Simulation API Called
2021/08/17 16:59:32 PARALLEL TIME:  267.22804ms  (ITERATION:  5 NUMBER OF FOOD SOURCES:  10000  NUMBER OF EPOCHES:  20 )
2021/08/17 16:59:32  TIME:  1.58331512s  (ITERATION:  5 NUMBER OF FOOD SOURCES:  10000  NUMBER OF EPOCHES:  20 )
2021/08/17 16:59:39  Simulation API Called
2021/08/17 16:59:46 PARALLEL TIME:  767.54168ms  (ITERATION:  5 NUMBER OF FOOD SOURCES:  10000  NUMBER OF EPOCHES:  20 )
2021/08/17 16:59:46  TIME:  728.69108ms  (ITERATION:  5 NUMBER OF FOOD SOURCES:  10000  NUMBER OF EPOCHES:  20 )
2021/08/17 16:59:48  Simulation API Called
2021/08/17 16:59:57 PARALLEL TIME:  1.19468796s  (ITERATION:  5 NUMBER OF FOOD SOURCES:  10000  NUMBER OF EPOCHES:  20 )
2021/08/17 16:59:57  TIME:  533.83594ms  (ITERATION:  5 NUMBER OF FOOD SOURCES:  10000  NUMBER OF EPOCHES:  20 )
2021/08/17 17:00:01  Simulation API Called
2021/08/17 17:00:11 PARALLEL TIME:  962.36086ms  (ITERATION:  5 NUMBER OF FOOD SOURCES:  10000  NUMBER OF EPOCHES:  20 )
2021/08/17 17:00:11  TIME:  1.11972548s  (ITERATION:  5 NUMBER OF FOOD SOURCES:  10000  NUMBER OF EPOCHES:  20 )
2021/08/17 17:00:14  Simulation API Called
2021/08/17 17:00:22 PARALLEL TIME:  619.22994ms  (ITERATION:  5 NUMBER OF FOOD SOURCES:  10000  NUMBER OF EPOCHES:  20 )
2021/08/17 17:00:22  TIME:  861.78204ms  (ITERATION:  5 NUMBER OF FOOD SOURCES:  10000  NUMBER OF EPOCHES:  20 )
2021/08/17 17:00:31  Simulation API Called
2021/08/17 17:00:38 PARALLEL TIME:  284.09328ms  (ITERATION:  5 NUMBER OF FOOD SOURCES:  10000  NUMBER OF EPOCHES:  20 )
2021/08/17 17:00:38  TIME:  1.1269992s  (ITERATION:  5 NUMBER OF FOOD SOURCES:  10000  NUMBER OF EPOCHES:  20 )
2021/08/17 17:03:59  Simulation API Called
2021/08/17 17:06:14  Simulation API Called
2021/08/17 17:07:00  Simulation API Called
2021/08/17 17:07:05 PARALLEL TIME:  59.3277ms  (ITERATION:  5 NUMBER OF FOOD SOURCES:  10000  NUMBER OF EPOCHES:  20 )
2021/08/17 17:07:05  TIME:  928.72648ms  (ITERATION:  5 NUMBER OF FOOD SOURCES:  10000  NUMBER OF EPOCHES:  20 )
2021/08/17 17:07:12  Simulation API Called
2021/08/17 17:07:21 PARALLEL TIME:  53.16174ms  (ITERATION:  5 NUMBER OF FOOD SOURCES:  10000  NUMBER OF EPOCHES:  20 )
2021/08/17 17:07:21  TIME:  1.64426344s  (ITERATION:  5 NUMBER OF FOOD SOURCES:  10000  NUMBER OF EPOCHES:  20 )
2021/08/17 17:07:55  Simulation API Called
2021/08/17 17:08:00 PARALLEL TIME:  57.91906ms  (ITERATION:  5 NUMBER OF FOOD SOURCES:  10000  NUMBER OF EPOCHES:  20 )
2021/08/17 17:08:00  TIME:  1.06510458s  (ITERATION:  5 NUMBER OF FOOD SOURCES:  10000  NUMBER OF EPOCHES:  20 )
2021/08/17 17:08:26  Simulation API Called
2021/08/17 17:08:29 PARALLEL TIME:  51.75916ms  (ITERATION:  5 NUMBER OF FOOD SOURCES:  10000  NUMBER OF EPOCHES:  20 )
2021/08/17 17:08:29  TIME:  557.65612ms  (ITERATION:  5 NUMBER OF FOOD SOURCES:  10000  NUMBER OF EPOCHES:  20 )
2021/08/17 17:09:02  Simulation API Called
2021/08/17 17:09:03 PARALLEL TIME:  66.6542ms  (ITERATION:  1 NUMBER OF FOOD SOURCES:  10000  NUMBER OF EPOCHES:  20 )
2021/08/17 17:09:03  TIME:  223.9076ms  (ITERATION:  1 NUMBER OF FOOD SOURCES:  10000  NUMBER OF EPOCHES:  20 )
2021/08/17 17:09:31  Simulation API Called
--- night logic add parallel
2021/08/17 17:11:55  Simulation API Called
2021/08/17 17:12:08 PARALLEL TIME:  2.7630115s  (ITERATION:  1 NUMBER OF FOOD SOURCES:  10000  NUMBER OF EPOCHES:  100 )
2021/08/17 17:12:08  TIME:  10.5374558s  (ITERATION:  1 NUMBER OF FOOD SOURCES:  10000  NUMBER OF EPOCHES:  100 )
2021/08/17 17:13:40  Simulation API Called
2021/08/17 17:17:18 PARALLEL TIME:  43.4754841s  (ITERATION:  1 NUMBER OF FOOD SOURCES:  10000  NUMBER OF EPOCHES:  1000 )
2021/08/17 17:17:18  TIME:  2m53.9758546s  (ITERATION:  1 NUMBER OF FOOD SOURCES:  10000  NUMBER OF EPOCHES:  1000 )
2021/08/17 17:19:36  Simulation API Called
2021/08/17 17:55:51 PARALLEL TIME:  37.47807558s  (ITERATION:  10 NUMBER OF FOOD SOURCES:  10000  NUMBER OF EPOCHES:  1000 )
2021/08/17 17:55:51  TIME:  2m59.96983999s  (ITERATION:  10 NUMBER OF FOOD SOURCES:  10000  NUMBER OF EPOCHES:  1000 )
2021/08/17 18:02:39  Simulation API Called
2021/08/17 18:02:40 PARALLEL TIME:  101.42091ms  (ITERATION:  10 NUMBER OF FOOD SOURCES:  100  NUMBER OF EPOCHES:  1000 )
2021/08/17 18:02:40  TIME:  32.79017ms  (ITERATION:  10 NUMBER OF FOOD SOURCES:  100  NUMBER OF EPOCHES:  1000 )
2021/08/17 18:02:54  Simulation API Called
2021/08/17 18:02:57 PARALLEL TIME:  215.85307ms  (ITERATION:  10 NUMBER OF FOOD SOURCES:  200  NUMBER OF EPOCHES:  1000 )
2021/08/17 18:02:57  TIME:  74.15175ms  (ITERATION:  10 NUMBER OF FOOD SOURCES:  200  NUMBER OF EPOCHES:  1000 )
2021/08/17 18:03:58  Simulation API Called
2021/08/17 18:04:28 PARALLEL TIME:  229.975938ms  (ITERATION:  100 NUMBER OF FOOD SOURCES:  200  NUMBER OF EPOCHES:  1000 )
2021/08/17 18:04:28  TIME:  69.230865ms  (ITERATION:  100 NUMBER OF FOOD SOURCES:  200  NUMBER OF EPOCHES:  1000 )
2021/08/17 18:04:37  Simulation API Called
2021/08/17 18:05:07 PARALLEL TIME:  228.721143ms  (ITERATION:  100 NUMBER OF FOOD SOURCES:  200  NUMBER OF EPOCHES:  1000 )
2021/08/17 18:05:07  TIME:  67.156698ms  (ITERATION:  100 NUMBER OF FOOD SOURCES:  200  NUMBER OF EPOCHES:  1000 )
2021/08/17 18:05:22  Simulation API Called
2021/08/17 18:07:00 PARALLEL TIME:  716.547505ms  (ITERATION:  100 NUMBER OF FOOD SOURCES:  500  NUMBER OF EPOCHES:  1000 )
2021/08/17 18:07:00  TIME:  265.596655ms  (ITERATION:  100 NUMBER OF FOOD SOURCES:  500  NUMBER OF EPOCHES:  1000 )
2021/08/17 18:12:57  Simulation API Called
2021/08/17 18:13:01 PARALLEL TIME:  28.303688ms  (ITERATION:  100 NUMBER OF FOOD SOURCES:  5000  NUMBER OF EPOCHES:  10 )
2021/08/17 18:13:01  TIME:  6.571716ms  (ITERATION:  100 NUMBER OF FOOD SOURCES:  5000  NUMBER OF EPOCHES:  10 )
2021/08/17 18:13:15  Simulation API Called
2021/08/17 18:14:18  Simulation API Called
2021/08/17 18:15:47 PARALLEL TIME:  3.46894521s  (ITERATION:  20 NUMBER OF FOOD SOURCES:  5000  NUMBER OF EPOCHES:  100 )
2021/08/17 18:15:47  TIME:  1.00292136s  (ITERATION:  20 NUMBER OF FOOD SOURCES:  5000  NUMBER OF EPOCHES:  100 )
2021/08/17 18:17:11  Simulation API Called
2021/08/17 18:25:10 PARALLEL TIME:  19.844543465s  (ITERATION:  10 NUMBER OF FOOD SOURCES:  5000  NUMBER OF EPOCHES:  1000 )
2021/08/17 18:25:10  TIME:  4.13648802s  (ITERATION:  10 NUMBER OF FOOD SOURCES:  5000  NUMBER OF EPOCHES:  1000 )
2021/08/17 18:31:38  Simulation API Called
2021/08/17 18:34:38 PARALLEL TIME:  3.787553675s  (ITERATION:  10 NUMBER OF FOOD SOURCES:  10000  NUMBER OF EPOCHES:  100 )
2021/08/17 18:34:38  TIME:  14.019258525s  (ITERATION:  10 NUMBER OF FOOD SOURCES:  10000  NUMBER OF EPOCHES:  100 )
2021/08/17 18:35:33  Simulation API Called
2021/08/17 18:36:03  Simulation API Called
2021/08/17 18:36:24  Simulation API Called
2021/08/17 18:37:28 PARALLEL TIME:  2.27926479s  (ITERATION:  10 NUMBER OF FOOD SOURCES:  5000  NUMBER OF EPOCHES:  100 )
2021/08/17 18:37:28  TIME:  4.05037938s  (ITERATION:  10 NUMBER OF FOOD SOURCES:  5000  NUMBER OF EPOCHES:  100 )
2021/08/17 18:37:41  Simulation API Called
2021/08/17 18:38:39 PARALLEL TIME:  2.46748587s  (ITERATION:  10 NUMBER OF FOOD SOURCES:  5000  NUMBER OF EPOCHES:  100 )
2021/08/17 18:38:39  TIME:  3.31932538s  (ITERATION:  10 NUMBER OF FOOD SOURCES:  5000  NUMBER OF EPOCHES:  100 )
2021/08/17 18:39:02  Simulation API Called
2021/08/17 18:39:34  Simulation API Called
2021/08/17 18:39:54  Simulation API Called
2021/08/17 18:40:09  Simulation API Called
2021/08/17 18:44:50  Simulation API Called
2021/08/17 18:46:26 PARALLEL TIME:  3.14233294s  (ITERATION:  10 NUMBER OF FOOD SOURCES:  6000  NUMBER OF EPOCHES:  100 )
2021/08/17 18:46:26  TIME:  6.54912166s  (ITERATION:  10 NUMBER OF FOOD SOURCES:  6000  NUMBER OF EPOCHES:  100 )
2021/08/17 18:47:42  Simulation API Called
2021/08/17 18:50:42 PARALLEL TIME:  3.70960067s  (ITERATION:  10 NUMBER OF FOOD SOURCES:  10000  NUMBER OF EPOCHES:  100 )
2021/08/17 18:50:42  TIME:  14.25287662s  (ITERATION:  10 NUMBER OF FOOD SOURCES:  10000  NUMBER OF EPOCHES:  100 )
2021/08/17 18:51:16  Simulation API Called
2021/08/17 18:52:55 PARALLEL TIME:  2.72861462s  (ITERATION:  10 NUMBER OF FOOD SOURCES:  6000  NUMBER OF EPOCHES:  100 )
2021/08/17 18:52:55  TIME:  7.2168553s  (ITERATION:  10 NUMBER OF FOOD SOURCES:  6000  NUMBER OF EPOCHES:  100 )
2021/08/17 18:53:03  Simulation API Called
2021/08/17 18:53:34  Simulation API Called
2021/08/17 18:53:45  Simulation API Called
2021/08/17 18:54:24 PARALLEL TIME:  1.99519423s  (ITERATION:  10 NUMBER OF FOOD SOURCES:  6000  NUMBER OF EPOCHES:  100 )
2021/08/17 18:54:24  TIME:  1.95883815s  (ITERATION:  10 NUMBER OF FOOD SOURCES:  6000  NUMBER OF EPOCHES:  100 )
2021/08/17 18:54:34  Simulation API Called
2021/08/17 18:55:43 PARALLEL TIME:  2.92744777s  (ITERATION:  10 NUMBER OF FOOD SOURCES:  6000  NUMBER OF EPOCHES:  100 )
2021/08/17 18:55:43  TIME:  3.95420762s  (ITERATION:  10 NUMBER OF FOOD SOURCES:  6000  NUMBER OF EPOCHES:  100 )
2021/08/17 18:55:57  Simulation API Called
2021/08/17 18:56:52 PARALLEL TIME:  1.96587814s  (ITERATION:  10 NUMBER OF FOOD SOURCES:  6000  NUMBER OF EPOCHES:  100 )
2021/08/17 18:56:52  TIME:  3.46258248s  (ITERATION:  10 NUMBER OF FOOD SOURCES:  6000  NUMBER OF EPOCHES:  100 )
2021/08/17 18:57:15  Simulation API Called
2021/08/17 18:58:11 PARALLEL TIME:  2.58344869s  (ITERATION:  10 NUMBER OF FOOD SOURCES:  5000  NUMBER OF EPOCHES:  100 )
2021/08/17 18:58:11  TIME:  2.94786812s  (ITERATION:  10 NUMBER OF FOOD SOURCES:  5000  NUMBER OF EPOCHES:  100 )
2021/08/17 18:58:36  Simulation API Called
2021/08/17 18:59:25 PARALLEL TIME:  2.08690724s  (ITERATION:  10 NUMBER OF FOOD SOURCES:  5000  NUMBER OF EPOCHES:  100 )
2021/08/17 18:59:25  TIME:  2.9025496s  (ITERATION:  10 NUMBER OF FOOD SOURCES:  5000  NUMBER OF EPOCHES:  100 )
2021/08/17 19:00:11  Simulation API Called
2021/08/17 19:01:03 PARALLEL TIME:  1.96199225s  (ITERATION:  10 NUMBER OF FOOD SOURCES:  5000  NUMBER OF EPOCHES:  100 )
2021/08/17 19:01:03  TIME:  3.17981799s  (ITERATION:  10 NUMBER OF FOOD SOURCES:  5000  NUMBER OF EPOCHES:  100 )
2021/08/17 19:01:24  Simulation API Called
2021/08/17 19:01:25 PARALLEL TIME:  76.75622ms  (ITERATION:  10 NUMBER OF FOOD SOURCES:  600  NUMBER OF EPOCHES:  100 )
2021/08/17 19:01:25  TIME:  29.85546ms  (ITERATION:  10 NUMBER OF FOOD SOURCES:  600  NUMBER OF EPOCHES:  100 )
2021/08/17 19:01:39  Simulation API Called
2021/08/17 19:01:40 PARALLEL TIME:  91.16279ms  (ITERATION:  10 NUMBER OF FOOD SOURCES:  600  NUMBER OF EPOCHES:  100 )
2021/08/17 19:01:40  TIME:  29.36051ms  (ITERATION:  10 NUMBER OF FOOD SOURCES:  600  NUMBER OF EPOCHES:  100 )
2021/08/17 19:01:50  Simulation API Called
2021/08/17 19:01:52 PARALLEL TIME:  143.13122ms  (ITERATION:  10 NUMBER OF FOOD SOURCES:  1000  NUMBER OF EPOCHES:  100 )
2021/08/17 19:01:52  TIME:  69.56616ms  (ITERATION:  10 NUMBER OF FOOD SOURCES:  1000  NUMBER OF EPOCHES:  100 )
2021/08/17 19:02:01  Simulation API Called
2021/08/17 19:02:24 PARALLEL TIME:  880.47493ms  (ITERATION:  10 NUMBER OF FOOD SOURCES:  3000  NUMBER OF EPOCHES:  100 )
2021/08/17 19:02:24  TIME:  1.36541279s  (ITERATION:  10 NUMBER OF FOOD SOURCES:  3000  NUMBER OF EPOCHES:  100 )
2021/08/17 19:02:49  Simulation API Called
2021/08/17 19:03:14 PARALLEL TIME:  1.03395226s  (ITERATION:  10 NUMBER OF FOOD SOURCES:  3000  NUMBER OF EPOCHES:  100 )
2021/08/17 19:03:14  TIME:  1.48313036s  (ITERATION:  10 NUMBER OF FOOD SOURCES:  3000  NUMBER OF EPOCHES:  100 )
2021/08/17 19:03:28  Simulation API Called
2021/08/17 19:03:36 PARALLEL TIME:  480.31006ms  (ITERATION:  10 NUMBER OF FOOD SOURCES:  2000  NUMBER OF EPOCHES:  100 )
2021/08/17 19:03:36  TIME:  322.7471ms  (ITERATION:  10 NUMBER OF FOOD SOURCES:  2000  NUMBER OF EPOCHES:  100 )
2021/08/17 19:03:44  Simulation API Called
2021/08/17 19:03:52 PARALLEL TIME:  482.55388ms  (ITERATION:  10 NUMBER OF FOOD SOURCES:  2000  NUMBER OF EPOCHES:  100 )
2021/08/17 19:03:52  TIME:  348.34556ms  (ITERATION:  10 NUMBER OF FOOD SOURCES:  2000  NUMBER OF EPOCHES:  100 )
2021/08/17 19:04:10  Simulation API Called
2021/08/17 19:04:20  Simulation API Called
2021/08/17 19:04:29 PARALLEL TIME:  497.58323ms  (ITERATION:  10 NUMBER OF FOOD SOURCES:  2000  NUMBER OF EPOCHES:  100 )
2021/08/17 19:04:29  TIME:  341.70666ms  (ITERATION:  10 NUMBER OF FOOD SOURCES:  2000  NUMBER OF EPOCHES:  100 )
2021/08/17 19:04:49  Simulation API Called
2021/08/17 19:04:57 PARALLEL TIME:  511.00995ms  (ITERATION:  10 NUMBER OF FOOD SOURCES:  2000  NUMBER OF EPOCHES:  100 )
2021/08/17 19:04:57  TIME:  316.66407ms  (ITERATION:  10 NUMBER OF FOOD SOURCES:  2000  NUMBER OF EPOCHES:  100 )
2021/08/17 19:05:05  Simulation API Called
2021/08/17 19:05:13 PARALLEL TIME:  514.31291ms  (ITERATION:  10 NUMBER OF FOOD SOURCES:  2000  NUMBER OF EPOCHES:  100 )
2021/08/17 19:05:13  TIME:  320.6196ms  (ITERATION:  10 NUMBER OF FOOD SOURCES:  2000  NUMBER OF EPOCHES:  100 )
2021/08/17 19:05:19  Simulation API Called
2021/08/17 19:05:28 PARALLEL TIME:  514.25362ms  (ITERATION:  10 NUMBER OF FOOD SOURCES:  2000  NUMBER OF EPOCHES:  100 )
2021/08/17 19:05:28  TIME:  324.68244ms  (ITERATION:  10 NUMBER OF FOOD SOURCES:  2000  NUMBER OF EPOCHES:  100 )
2021/08/17 19:05:30  Simulation API Called
2021/08/17 19:05:38 PARALLEL TIME:  414.10887ms  (ITERATION:  10 NUMBER OF FOOD SOURCES:  2000  NUMBER OF EPOCHES:  100 )
2021/08/17 19:05:38  TIME:  348.68018ms  (ITERATION:  10 NUMBER OF FOOD SOURCES:  2000  NUMBER OF EPOCHES:  100 )
2021/08/17 19:05:51  Simulation API Called
2021/08/17 19:05:59 PARALLEL TIME:  482.39733ms  (ITERATION:  10 NUMBER OF FOOD SOURCES:  2000  NUMBER OF EPOCHES:  100 )
2021/08/17 19:05:59  TIME:  381.7392ms  (ITERATION:  10 NUMBER OF FOOD SOURCES:  2000  NUMBER OF EPOCHES:  100 )
2021/08/17 19:06:22  Simulation API Called
2021/08/17 19:07:04 PARALLEL TIME:  504.178874ms  (ITERATION:  50 NUMBER OF FOOD SOURCES:  2000  NUMBER OF EPOCHES:  100 )
2021/08/17 19:07:04  TIME:  337.636442ms  (ITERATION:  50 NUMBER OF FOOD SOURCES:  2000  NUMBER OF EPOCHES:  100 )
2021/08/17 19:07:11  Simulation API Called
2021/08/17 19:07:54 PARALLEL TIME:  511.904654ms  (ITERATION:  50 NUMBER OF FOOD SOURCES:  2000  NUMBER OF EPOCHES:  100 )
2021/08/17 19:07:54  TIME:  342.790822ms  (ITERATION:  50 NUMBER OF FOOD SOURCES:  2000  NUMBER OF EPOCHES:  100 )
2021/08/17 19:08:05  Simulation API Called
2021/08/17 19:08:35  Simulation API Called
2021/08/17 19:09:03 PARALLEL TIME:  1.86542109s  (ITERATION:  10 NUMBER OF FOOD SOURCES:  1000  NUMBER OF EPOCHES:  1000 )
2021/08/17 19:09:03  TIME:  851.28855ms  (ITERATION:  10 NUMBER OF FOOD SOURCES:  1000  NUMBER OF EPOCHES:  1000 )
2021/08/17 19:09:16  Simulation API Called
2021/08/17 19:09:58 PARALLEL TIME:  1.63501852s  (ITERATION:  10 NUMBER OF FOOD SOURCES:  4000  NUMBER OF EPOCHES:  100 )
2021/08/17 19:09:58  TIME:  2.56511873s  (ITERATION:  10 NUMBER OF FOOD SOURCES:  4000  NUMBER OF EPOCHES:  100 )
2021/08/17 19:10:06  Simulation API Called
2021/08/17 19:10:31 PARALLEL TIME:  998.78605ms  (ITERATION:  10 NUMBER OF FOOD SOURCES:  3000  NUMBER OF EPOCHES:  100 )
2021/08/17 19:10:31  TIME:  1.42241561s  (ITERATION:  10 NUMBER OF FOOD SOURCES:  3000  NUMBER OF EPOCHES:  100 )
2021/08/17 19:10:39  Simulation API Called
2021/08/17 19:10:48 PARALLEL TIME:  533.16052ms  (ITERATION:  10 NUMBER OF FOOD SOURCES:  2000  NUMBER OF EPOCHES:  100 )
2021/08/17 19:10:48  TIME:  382.55932ms  (ITERATION:  10 NUMBER OF FOOD SOURCES:  2000  NUMBER OF EPOCHES:  100 )
2021/08/17 19:11:25  Simulation API Called
2021/08/17 19:11:39 PARALLEL TIME:  786.40024ms  (ITERATION:  10 NUMBER OF FOOD SOURCES:  2500  NUMBER OF EPOCHES:  100 )
2021/08/17 19:11:39  TIME:  573.5873ms  (ITERATION:  10 NUMBER OF FOOD SOURCES:  2500  NUMBER OF EPOCHES:  100 )
2021/08/17 19:11:53  Simulation API Called
2021/08/17 19:12:05 PARALLEL TIME:  493.31944ms  (ITERATION:  10 NUMBER OF FOOD SOURCES:  2500  NUMBER OF EPOCHES:  100 )
2021/08/17 19:12:05  TIME:  698.91494ms  (ITERATION:  10 NUMBER OF FOOD SOURCES:  2500  NUMBER OF EPOCHES:  100 )
2021/08/17 19:12:12  Simulation API Called
2021/08/17 19:12:26 PARALLEL TIME:  763.79516ms  (ITERATION:  10 NUMBER OF FOOD SOURCES:  2500  NUMBER OF EPOCHES:  100 )
2021/08/17 19:12:26  TIME:  713.04353ms  (ITERATION:  10 NUMBER OF FOOD SOURCES:  2500  NUMBER OF EPOCHES:  100 )
---- feed parallel
2021/08/17 19:28:53  Simulation API Called
2021/08/17 19:32:40  Simulation API Called
2021/08/17 19:33:22  Simulation API Called
2021/08/17 19:34:31  Simulation API Called
2021/08/17 19:34:44 PARALLEL TIME:  647.14495ms  (ITERATION:  10 NUMBER OF FOOD SOURCES:  2500  NUMBER OF EPOCHES:  100 )
2021/08/17 19:34:44  TIME:  655.46653ms  (ITERATION:  10 NUMBER OF FOOD SOURCES:  2500  NUMBER OF EPOCHES:  100 )
2021/08/17 19:35:12  Simulation API Called
2021/08/17 19:35:41  Simulation API Called
2021/08/17 19:36:38  Simulation API Called
2021/08/17 19:39:23  Simulation API Called
2021/08/17 19:42:03 PARALLEL TIME:  3.3802223s  (ITERATION:  10 NUMBER OF FOOD SOURCES:  10000  NUMBER OF EPOCHES:  100 )
2021/08/17 19:42:03  TIME:  12.66864886s  (ITERATION:  10 NUMBER OF FOOD SOURCES:  10000  NUMBER OF EPOCHES:  100 )
2021/08/17 19:44:54  Simulation API Called
2021/08/17 19:45:55  Simulation API Called
2021/08/17 19:46:16  Simulation API Called
2021/08/17 19:48:03 PARALLEL TIME:  3.98181121s  (ITERATION:  10 NUMBER OF FOOD SOURCES:  10000  NUMBER OF EPOCHES:  100 )
2021/08/17 19:48:03  TIME:  6.74806003s  (ITERATION:  10 NUMBER OF FOOD SOURCES:  10000  NUMBER OF EPOCHES:  100 )
2021/08/17 19:49:35  Simulation API Called
2021/08/17 19:52:39 PARALLEL TIME:  3.43505805s  (ITERATION:  10 NUMBER OF FOOD SOURCES:  10000  NUMBER OF EPOCHES:  100 )
2021/08/17 19:52:39  TIME:  14.90810031s  (ITERATION:  10 NUMBER OF FOOD SOURCES:  10000  NUMBER OF EPOCHES:  100 )
2021/08/17 19:54:13  Simulation API Called
2021/08/17 19:54:52  Simulation API Called
2021/08/17 20:18:16 PARALLEL TIME:  2m54.5627428s  (ITERATION:  3 NUMBER OF FOOD SOURCES:  100000  NUMBER OF EPOCHES:  40 )
2021/08/17 20:18:16  TIME:  4m53.4923548s  (ITERATION:  3 NUMBER OF FOOD SOURCES:  100000  NUMBER OF EPOCHES:  40 )
2021/08/17 20:20:10  Simulation API Called
2021/08/17 20:28:04  Simulation API Called
2021/08/17 20:28:26 PARALLEL TIME:  3.979480966s  (ITERATION:  3 NUMBER OF FOOD SOURCES:  10000  NUMBER OF EPOCHES:  100 )
2021/08/17 20:28:26  TIME:  3.379038566s  (ITERATION:  3 NUMBER OF FOOD SOURCES:  10000  NUMBER OF EPOCHES:  100 )
2021/08/17 20:28:48  Simulation API Called
2021/08/17 20:29:47 PARALLEL TIME:  4.313911733s  (ITERATION:  3 NUMBER OF FOOD SOURCES:  10000  NUMBER OF EPOCHES:  100 )
2021/08/17 20:29:47  TIME:  15.344627033s  (ITERATION:  3 NUMBER OF FOOD SOURCES:  10000  NUMBER OF EPOCHES:  100 )
2021/08/17 20:29:52  Simulation API Called
2021/08/17 20:30:50 PARALLEL TIME:  4.026520766s  (ITERATION:  3 NUMBER OF FOOD SOURCES:  10000  NUMBER OF EPOCHES:  100 )
2021/08/17 20:30:50  TIME:  15.203179633s  (ITERATION:  3 NUMBER OF FOOD SOURCES:  10000  NUMBER OF EPOCHES:  100 )
2021/08/17 20:30:55  Simulation API Called
2021/08/17 20:31:09 PARALLEL TIME:  1.986085766s  (ITERATION:  3 NUMBER OF FOOD SOURCES:  5000  NUMBER OF EPOCHES:  100 )
2021/08/17 20:31:09  TIME:  2.847803666s  (ITERATION:  3 NUMBER OF FOOD SOURCES:  5000  NUMBER OF EPOCHES:  100 )
2021/08/17 20:31:21  Simulation API Called
2021/08/17 20:31:36 PARALLEL TIME:  2.221660733s  (ITERATION:  3 NUMBER OF FOOD SOURCES:  5000  NUMBER OF EPOCHES:  100 )
2021/08/17 20:31:36  TIME:  2.975040133s  (ITERATION:  3 NUMBER OF FOOD SOURCES:  5000  NUMBER OF EPOCHES:  100 )
2021/08/17 20:31:46  Simulation API Called
2021/08/17 20:32:43 PARALLEL TIME:  3.299138s  (ITERATION:  3 NUMBER OF FOOD SOURCES:  10000  NUMBER OF EPOCHES:  100 )
2021/08/17 20:32:43  TIME:  15.7554152s  (ITERATION:  3 NUMBER OF FOOD SOURCES:  10000  NUMBER OF EPOCHES:  100 )
2021/08/17 20:33:46  Simulation API Called
2021/08/17 20:34:00 PARALLEL TIME:  2.0369901s  (ITERATION:  3 NUMBER OF FOOD SOURCES:  5000  NUMBER OF EPOCHES:  100 )
2021/08/17 20:34:00  TIME:  2.437596733s  (ITERATION:  3 NUMBER OF FOOD SOURCES:  5000  NUMBER OF EPOCHES:  100 )
2021/08/17 20:35:23  Simulation API Called
2021/08/17 20:35:46  Simulation API Called
2021/08/17 20:36:47 PARALLEL TIME:  2.97614841s  (ITERATION:  10 NUMBER OF FOOD SOURCES:  5000  NUMBER OF EPOCHES:  100 )
2021/08/17 20:36:47  TIME:  3.09366589s  (ITERATION:  10 NUMBER OF FOOD SOURCES:  5000  NUMBER OF EPOCHES:  100 )
2021/08/17 20:37:16  Simulation API Called
2021/08/17 20:37:39  Simulation API Called
2021/08/17 20:38:56 PARALLEL TIME:  3.83648111s  (ITERATION:  10 NUMBER OF FOOD SOURCES:  10000  NUMBER OF EPOCHES:  100 )
2021/08/17 20:38:56  TIME:  3.83731295s  (ITERATION:  10 NUMBER OF FOOD SOURCES:  10000  NUMBER OF EPOCHES:  100 )
2021/08/17 20:40:01  Simulation API Called
2021/08/17 20:40:42  Simulation API Called
2021/08/17 20:41:56 PARALLEL TIME:  3.44219443s  (ITERATION:  10 NUMBER OF FOOD SOURCES:  10000  NUMBER OF EPOCHES:  100 )
2021/08/17 20:41:56  TIME:  3.94272059s  (ITERATION:  10 NUMBER OF FOOD SOURCES:  10000  NUMBER OF EPOCHES:  100 )
2021/08/17 20:42:38  Simulation API Called
2021/08/17 20:43:50 PARALLEL TIME:  4.077011s  (ITERATION:  10 NUMBER OF FOOD SOURCES:  10000  NUMBER OF EPOCHES:  100 )
2021/08/17 20:43:50  TIME:  3.0942742s  (ITERATION:  10 NUMBER OF FOOD SOURCES:  10000  NUMBER OF EPOCHES:  100 )
2021/08/17 20:43:55  Simulation API Called
2021/08/17 20:45:16 PARALLEL TIME:  4.05364108s  (ITERATION:  10 NUMBER OF FOOD SOURCES:  10000  NUMBER OF EPOCHES:  100 )
2021/08/17 20:45:16  TIME:  4.04207847s  (ITERATION:  10 NUMBER OF FOOD SOURCES:  10000  NUMBER OF EPOCHES:  100 )
2021/08/17 20:47:29  Simulation API Called
2021/08/17 20:48:53 PARALLEL TIME:  5.00929727s  (ITERATION:  10 NUMBER OF FOOD SOURCES:  10000  NUMBER OF EPOCHES:  100 )
2021/08/17 20:48:53  TIME:  3.42768269s  (ITERATION:  10 NUMBER OF FOOD SOURCES:  10000  NUMBER OF EPOCHES:  100 )
2021/08/17 20:49:14  Simulation API Called
2021/08/17 20:50:38 PARALLEL TIME:  4.38982679s  (ITERATION:  10 NUMBER OF FOOD SOURCES:  10000  NUMBER OF EPOCHES:  100 )
2021/08/17 20:50:38  TIME:  3.9660113s  (ITERATION:  10 NUMBER OF FOOD SOURCES:  10000  NUMBER OF EPOCHES:  100 )
2021/08/17 20:50:49  Simulation API Called
2021/08/17 20:51:56  Simulation API Called
2021/08/17 20:53:27 PARALLEL TIME:  4.59774s  (ITERATION:  10 NUMBER OF FOOD SOURCES:  10000  NUMBER OF EPOCHES:  100 )
2021/08/17 20:53:27  TIME:  4.42849401s  (ITERATION:  10 NUMBER OF FOOD SOURCES:  10000  NUMBER OF EPOCHES:  100 )
2021/08/17 20:55:15  Simulation API Called
2021/08/17 20:56:30 PARALLEL TIME:  4.01420643s  (ITERATION:  10 NUMBER OF FOOD SOURCES:  10000  NUMBER OF EPOCHES:  100 )
2021/08/17 20:56:30  TIME:  3.49519471s  (ITERATION:  10 NUMBER OF FOOD SOURCES:  10000  NUMBER OF EPOCHES:  100 )
2021/08/17 20:57:45  Simulation API Called
2021/08/17 20:58:58 PARALLEL TIME:  3.91862382s  (ITERATION:  10 NUMBER OF FOOD SOURCES:  10000  NUMBER OF EPOCHES:  100 )
2021/08/17 20:58:58  TIME:  3.32357197s  (ITERATION:  10 NUMBER OF FOOD SOURCES:  10000  NUMBER OF EPOCHES:  100 )
2021/08/17 20:59:04  Simulation API Called
2021/08/17 21:00:21 PARALLEL TIME:  3.78720965s  (ITERATION:  10 NUMBER OF FOOD SOURCES:  10000  NUMBER OF EPOCHES:  100 )
2021/08/17 21:00:21  TIME:  3.88126557s  (ITERATION:  10 NUMBER OF FOOD SOURCES:  10000  NUMBER OF EPOCHES:  100 )
2021/08/17 21:00:28  Simulation API Called
2021/08/17 21:01:32  Simulation API Called
2021/08/17 21:02:50 PARALLEL TIME:  4.1420037s  (ITERATION:  10 NUMBER OF FOOD SOURCES:  10000  NUMBER OF EPOCHES:  100 )
2021/08/17 21:02:50  TIME:  3.60685166s  (ITERATION:  10 NUMBER OF FOOD SOURCES:  10000  NUMBER OF EPOCHES:  100 )
2021/08/17 21:03:11  Simulation API Called
2021/08/17 21:04:20 PARALLEL TIME:  3.8168558s  (ITERATION:  10 NUMBER OF FOOD SOURCES:  6000  NUMBER OF EPOCHES:  100 )
2021/08/17 21:04:20  TIME:  3.10295764s  (ITERATION:  10 NUMBER OF FOOD SOURCES:  6000  NUMBER OF EPOCHES:  100 )
2021/08/17 21:04:27  Simulation API Called
2021/08/17 21:04:48  Simulation API Called
2021/08/17 21:05:37  Simulation API Called
2021/08/17 21:11:09 PARALLEL TIME:  16.84656789s  (ITERATION:  10 NUMBER OF FOOD SOURCES:  20000  NUMBER OF EPOCHES:  100 )
2021/08/17 21:11:09  TIME:  16.26788502s  (ITERATION:  10 NUMBER OF FOOD SOURCES:  20000  NUMBER OF EPOCHES:  100 )
2021/08/17 21:11:44  Simulation API Called
2021/08/17 21:12:03 PARALLEL TIME:  110.083159ms  (ITERATION:  100 NUMBER OF FOOD SOURCES:  200  NUMBER OF EPOCHES:  1000 )
2021/08/17 21:12:03  TIME:  75.45064ms  (ITERATION:  100 NUMBER OF FOOD SOURCES:  200  NUMBER OF EPOCHES:  1000 )
2021/08/17 21:12:26  Simulation API Called
2021/08/17 21:12:45 PARALLEL TIME:  114.110663ms  (ITERATION:  100 NUMBER OF FOOD SOURCES:  200  NUMBER OF EPOCHES:  1000 )
2021/08/17 21:12:45  TIME:  75.989781ms  (ITERATION:  100 NUMBER OF FOOD SOURCES:  200  NUMBER OF EPOCHES:  1000 )
2021/08/17 21:13:44  Simulation API Called
2021/08/17 21:14:12  Simulation API Called
2021/08/17 21:15:11  Simulation API Called
2021/08/17 21:17:43 PARALLEL TIME:  12.499583ms  (ITERATION:  100 NUMBER OF FOOD SOURCES:  200  NUMBER OF EPOCHES:  100 )
2021/08/17 21:17:43  TIME:  1.509182868s  (ITERATION:  100 NUMBER OF FOOD SOURCES:  200  NUMBER OF EPOCHES:  100 )
2021/08/17 21:19:41  Simulation API Called
2021/08/17 21:29:43 PARALLEL TIME:  12.054593ms  (ITERATION:  100 NUMBER OF FOOD SOURCES:  200  NUMBER OF EPOCHES:  100 )
2021/08/17 21:29:43  TIME:  6.007964092s  (ITERATION:  100 NUMBER OF FOOD SOURCES:  200  NUMBER OF EPOCHES:  100 )
2021/08/17 21:30:05  Simulation API Called
2021/08/17 21:30:07 PARALLEL TIME:  12.05228ms  (ITERATION:  100 NUMBER OF FOOD SOURCES:  200  NUMBER OF EPOCHES:  100 )
2021/08/17 21:30:07  TIME:  7.38912ms  (ITERATION:  100 NUMBER OF FOOD SOURCES:  200  NUMBER OF EPOCHES:  100 )
2021/08/17 21:30:23  Simulation API Called
2021/08/17 21:30:24 PARALLEL TIME:  11.16666ms  (ITERATION:  100 NUMBER OF FOOD SOURCES:  200  NUMBER OF EPOCHES:  100 )
2021/08/17 21:30:24  TIME:  6.36299ms  (ITERATION:  100 NUMBER OF FOOD SOURCES:  200  NUMBER OF EPOCHES:  100 )
2021/08/17 21:33:23  Simulation API Called
2021/08/17 21:33:27 PARALLEL TIME:  25.800589ms  (ITERATION:  100 NUMBER OF FOOD SOURCES:  350  NUMBER OF EPOCHES:  100 )
2021/08/17 21:33:27  TIME:  14.875315ms  (ITERATION:  100 NUMBER OF FOOD SOURCES:  350  NUMBER OF EPOCHES:  100 )
2021/08/17 21:33:37  Simulation API Called
2021/08/17 21:33:43 PARALLEL TIME:  40.283813ms  (ITERATION:  100 NUMBER OF FOOD SOURCES:  500  NUMBER OF EPOCHES:  100 )
2021/08/17 21:33:43  TIME:  27.007278ms  (ITERATION:  100 NUMBER OF FOOD SOURCES:  500  NUMBER OF EPOCHES:  100 )
2021/08/18 17:30:18  Simulation API Called
2021/08/18 17:30:24 PARALLEL TIME:  37.089942ms  (ITERATION:  100 NUMBER OF FOOD SOURCES:  500  NUMBER OF EPOCHES:  100 )
2021/08/18 17:30:24  TIME:  25.278493ms  (ITERATION:  100 NUMBER OF FOOD SOURCES:  500  NUMBER OF EPOCHES:  100 )
2021/08/18 17:31:20  Simulation API Called
2021/08/18 17:31:26 PARALLEL TIME:  37.14629ms  (ITERATION:  100 NUMBER OF FOOD SOURCES:  500  NUMBER OF EPOCHES:  100 )
2021/08/18 17:31:26  TIME:  25.076329ms  (ITERATION:  100 NUMBER OF FOOD SOURCES:  500  NUMBER OF EPOCHES:  100 )
